<?xml version="1.0" encoding="UTF-8"?>
<robot generator="Robot 6.1.1 (Python 3.11.4 on win32)" generated="20230823 21:38:53.703" rpa="false" schemaversion="4">
<suite id="s1" name="Home" source="C:\QAx\projects\walkdog\home.robot">
<test id="s1-t1" name="Webapp deve estar online" line="6">
<kw name="Open Browser" library="SeleniumLibrary">
<arg>https://walkdog.vercel.app/</arg>
<arg>chrome</arg>
<doc>Opens a new browser instance to the optional ``url``.</doc>
<msg timestamp="20230823 21:38:54.122" level="INFO">Opening browser 'chrome' to base url 'https://walkdog.vercel.app/'.</msg>
<status status="PASS" starttime="20230823 21:38:54.121" endtime="20230823 21:38:58.246"/>
</kw>
<kw name="Title Should Be" library="SeleniumLibrary">
<arg>Walkdog by Papito</arg>
<doc>Verifies that the current page title equals ``title``.</doc>
<msg timestamp="20230823 21:38:58.261" level="INFO">Page title is 'Walkdog by Papito'.</msg>
<status status="PASS" starttime="20230823 21:38:58.247" endtime="20230823 21:38:58.261"/>
</kw>
<kw name="Page Should Contain" library="SeleniumLibrary">
<arg>Cuidado e diversão em cada passo</arg>
<doc>Verifies that current page contains ``text``.</doc>
<msg timestamp="20230823 21:38:58.306" level="INFO">Current page contains text 'Cuidado e diversão em cada passo'.</msg>
<status status="PASS" starttime="20230823 21:38:58.262" endtime="20230823 21:38:58.306"/>
</kw>
<kw name="Sleep" library="BuiltIn">
<arg>5</arg>
<doc>Pauses the test executed for the given time.</doc>
<msg timestamp="20230823 21:39:03.307" level="INFO">Slept 5 seconds</msg>
<status status="PASS" starttime="20230823 21:38:58.306" endtime="20230823 21:39:03.307"/>
</kw>
<kw name="Close Browser" library="SeleniumLibrary">
<doc>Closes the current browser.</doc>
<status status="PASS" starttime="20230823 21:39:03.307" endtime="20230823 21:39:05.598"/>
</kw>
<status status="PASS" starttime="20230823 21:38:54.120" endtime="20230823 21:39:05.599"/>
</test>
<doc>Suite de testes da pagina principal</doc>
<status status="PASS" starttime="20230823 21:38:53.708" endtime="20230823 21:39:05.600"/>
</suite>
<statistics>
<total>
<stat pass="1" fail="0" skip="0">All Tests</stat>
</total>
<tag>
</tag>
<suite>
<stat pass="1" fail="0" skip="0" id="s1" name="Home">Home</stat>
</suite>
</statistics>
<errors>
</errors>
</robot>
