<?xml version="1.0" encoding="UTF-8"?>
<robot generator="Robot 6.1.1 (Python 3.11.5 on win32)" generated="20230920 20:08:47.903" rpa="false" schemaversion="4">
<suite id="s1" name="Cadastro" source="C:\QAx\projects\walkdog\cadastro.robot">
<test id="s1-t1" name="Cadastro de Dog Walker com Sucesso" line="9">
<kw name="Visitante Visita Página de Cadastro" library="base" type="SETUP">
<kw name="Open Browser" library="SeleniumLibrary">
<arg>${URL}</arg>
<arg>${BROWSER}</arg>
<doc>Opens a new browser instance to the optional ``url``.</doc>
<msg timestamp="20230920 20:08:48.446" level="INFO">Opening browser 'Chrome' to base url 'https://walkdog.vercel.app/signup'.</msg>
<status status="PASS" starttime="20230920 20:08:48.445" endtime="20230920 20:08:53.862"/>
</kw>
<kw name="Go To" library="SeleniumLibrary">
<arg>${URL}</arg>
<doc>Navigates the current browser window to the provided ``url``.</doc>
<msg timestamp="20230920 20:08:53.863" level="INFO">Opening url 'https://walkdog.vercel.app/signup'</msg>
<status status="PASS" starttime="20230920 20:08:53.862" endtime="20230920 20:08:54.060"/>
</kw>
<kw name="Set Window Size" library="SeleniumLibrary">
<arg>1920</arg>
<arg>1080</arg>
<doc>Sets current windows size to given ``width`` and ``height``.</doc>
<status status="PASS" starttime="20230920 20:08:54.061" endtime="20230920 20:08:54.186"/>
</kw>
<status status="PASS" starttime="20230920 20:08:48.445" endtime="20230920 20:08:54.186"/>
</kw>
<kw name="Preencher Formulário com Dados Válidos" library="SignupPage">
<arg>Seu Nome</arg>
<arg>seuemail@example.com</arg>
<arg>12345678901</arg>
<arg>12345-678</arg>
<arg>123</arg>
<arg>Apt 101</arg>
<kw name="Input Text" library="SeleniumLibrary">
<arg>css=input[name="name"]</arg>
<arg>${Nome}</arg>
<doc>Types the given ``text`` into the text field identified by ``locator``.</doc>
<msg timestamp="20230920 20:08:54.189" level="INFO">Typing text 'Seu Nome' into text field 'css=input[name="name"]'.</msg>
<status status="PASS" starttime="20230920 20:08:54.188" endtime="20230920 20:08:54.432"/>
</kw>
<kw name="Input Text" library="SeleniumLibrary">
<arg>css=input[name="email"]</arg>
<arg>${Email}</arg>
<doc>Types the given ``text`` into the text field identified by ``locator``.</doc>
<msg timestamp="20230920 20:08:54.432" level="INFO">Typing text 'seuemail@example.com' into text field 'css=input[name="email"]'.</msg>
<status status="PASS" starttime="20230920 20:08:54.432" endtime="20230920 20:08:54.665"/>
</kw>
<kw name="Input Text" library="SeleniumLibrary">
<arg>css=input[name="cpf"]</arg>
<arg>${CPF}</arg>
<doc>Types the given ``text`` into the text field identified by ``locator``.</doc>
<msg timestamp="20230920 20:08:54.668" level="INFO">Typing text '12345678901' into text field 'css=input[name="cpf"]'.</msg>
<status status="PASS" starttime="20230920 20:08:54.666" endtime="20230920 20:08:54.871"/>
</kw>
<kw name="Input Text" library="SeleniumLibrary">
<arg>css=input[name="cep"]</arg>
<arg>${CEP}</arg>
<doc>Types the given ``text`` into the text field identified by ``locator``.</doc>
<msg timestamp="20230920 20:08:54.873" level="INFO">Typing text '12345-678' into text field 'css=input[name="cep"]'.</msg>
<status status="PASS" starttime="20230920 20:08:54.871" endtime="20230920 20:08:55.062"/>
</kw>
<kw name="Input Text" library="SeleniumLibrary">
<arg>css=input[name="addressNumber"]</arg>
<arg>${Número}</arg>
<doc>Types the given ``text`` into the text field identified by ``locator``.</doc>
<msg timestamp="20230920 20:08:55.064" level="INFO">Typing text '123' into text field 'css=input[name="addressNumber"]'.</msg>
<status status="PASS" starttime="20230920 20:08:55.062" endtime="20230920 20:08:55.227"/>
</kw>
<kw name="Input Text" library="SeleniumLibrary">
<arg>css=input[name="addressDetails"]</arg>
<arg>${Complemento}</arg>
<doc>Types the given ``text`` into the text field identified by ``locator``.</doc>
<msg timestamp="20230920 20:08:55.229" level="INFO">Typing text 'Apt 101' into text field 'css=input[name="addressDetails"]'.</msg>
<status status="PASS" starttime="20230920 20:08:55.228" endtime="20230920 20:08:55.397"/>
</kw>
<kw name="Upload de Documento" library="SignupPage">
<arg>${EXECDIR}/fixtures/br.png</arg>
<kw name="Choose File" library="SeleniumLibrary">
<arg>css=input[type="file"]</arg>
<arg>${Documento}</arg>
<doc>Inputs the ``file_path`` into the file input field ``locator``.</doc>
<msg timestamp="20230920 20:08:55.399" level="INFO">Sending C:\QAx\projects\walkdog\fixtures\br.png to browser.</msg>
<status status="PASS" starttime="20230920 20:08:55.398" endtime="20230920 20:08:55.476"/>
</kw>
<status status="PASS" starttime="20230920 20:08:55.397" endtime="20230920 20:08:55.476"/>
</kw>
<kw name="Submeter Formulário" library="SignupPage">
<kw name="Click Button" library="SeleniumLibrary">
<arg>Cadastrar</arg>
<doc>Clicks the button identified by ``locator``.</doc>
<msg timestamp="20230920 20:08:55.477" level="INFO">Clicking button 'Cadastrar'.</msg>
<status status="PASS" starttime="20230920 20:08:55.477" endtime="20230920 20:08:55.615"/>
</kw>
<status status="PASS" starttime="20230920 20:08:55.477" endtime="20230920 20:08:55.616"/>
</kw>
<status status="PASS" starttime="20230920 20:08:54.187" endtime="20230920 20:08:55.616"/>
</kw>
<kw name="Deve Ver Mensagem de Sucesso" library="SignupPage">
<arg>Recebemos o seu cadastro e em breve retornaremos o contato.</arg>
<kw name="Set Variable" library="BuiltIn">
<var>${element}</var>
<arg>xpath=//div[@class="swal2-html-container"]</arg>
<doc>Returns the given values which can then be assigned to a variables.</doc>
<msg timestamp="20230920 20:08:55.625" level="INFO">${element} = xpath=//div[@class="swal2-html-container"]</msg>
<status status="PASS" starttime="20230920 20:08:55.625" endtime="20230920 20:08:55.625"/>
</kw>
<kw name="Wait Until Element Is Visible" library="SeleniumLibrary">
<arg>${element}</arg>
<arg>5</arg>
<doc>Waits until the element ``locator`` is visible.</doc>
<status status="PASS" starttime="20230920 20:08:55.625" endtime="20230920 20:08:56.307"/>
</kw>
<kw name="Element Should Be Visible" library="SeleniumLibrary">
<arg>${element}</arg>
<doc>Verifies that the element identified by ``locator`` is visible.</doc>
<msg timestamp="20230920 20:08:56.345" level="INFO">Element 'xpath=//div[@class="swal2-html-container"]' is displayed.</msg>
<status status="PASS" starttime="20230920 20:08:56.308" endtime="20230920 20:08:56.345"/>
</kw>
<kw name="Element Should Contain" library="SeleniumLibrary">
<arg>${element}</arg>
<arg>${mensagem}</arg>
<doc>Verifies that element ``locator`` contains text ``expected``.</doc>
<msg timestamp="20230920 20:08:56.388" level="INFO">Element 'xpath=//div[@class="swal2-html-container"]' contains text 'Recebemos o seu cadastro e em breve retornaremos o contato.'.</msg>
<status status="PASS" starttime="20230920 20:08:56.345" endtime="20230920 20:08:56.388"/>
</kw>
<status status="PASS" starttime="20230920 20:08:55.623" endtime="20230920 20:08:56.389"/>
</kw>
<kw name="Fechar Browser" library="base" type="TEARDOWN">
<kw name="Capture Page Screenshot" library="SeleniumLibrary">
<doc>Takes a screenshot of the current page and embeds it into a log file.</doc>
<msg timestamp="20230920 20:08:56.593" level="INFO" html="true">&lt;/td&gt;&lt;/tr&gt;&lt;tr&gt;&lt;td colspan="3"&gt;&lt;a href="selenium-screenshot-65.png"&gt;&lt;img src="selenium-screenshot-65.png" width="800px"&gt;&lt;/a&gt;</msg>
<status status="PASS" starttime="20230920 20:08:56.390" endtime="20230920 20:08:56.593"/>
</kw>
<kw name="Close Browser" library="SeleniumLibrary">
<doc>Closes the current browser.</doc>
<status status="PASS" starttime="20230920 20:08:56.593" endtime="20230920 20:08:59.129"/>
</kw>
<status status="PASS" starttime="20230920 20:08:56.389" endtime="20230920 20:08:59.129"/>
</kw>
<doc>Cadastro de Dog Walker com dados válidos</doc>
<tag>happy_path</tag>
<status status="PASS" starttime="20230920 20:08:48.443" endtime="20230920 20:08:59.129"/>
</test>
<test id="s1-t2" name="CPF Incorreto" line="16">
<kw name="Visitante Visita Página de Cadastro" library="base" type="SETUP">
<kw name="Open Browser" library="SeleniumLibrary">
<arg>${URL}</arg>
<arg>${BROWSER}</arg>
<doc>Opens a new browser instance to the optional ``url``.</doc>
<msg timestamp="20230920 20:08:59.133" level="INFO">Opening browser 'Chrome' to base url 'https://walkdog.vercel.app/signup'.</msg>
<status status="PASS" starttime="20230920 20:08:59.132" endtime="20230920 20:09:03.279"/>
</kw>
<kw name="Go To" library="SeleniumLibrary">
<arg>${URL}</arg>
<doc>Navigates the current browser window to the provided ``url``.</doc>
<msg timestamp="20230920 20:09:03.279" level="INFO">Opening url 'https://walkdog.vercel.app/signup'</msg>
<status status="PASS" starttime="20230920 20:09:03.279" endtime="20230920 20:09:03.449"/>
</kw>
<kw name="Set Window Size" library="SeleniumLibrary">
<arg>1920</arg>
<arg>1080</arg>
<doc>Sets current windows size to given ``width`` and ``height``.</doc>
<status status="PASS" starttime="20230920 20:09:03.449" endtime="20230920 20:09:03.572"/>
</kw>
<status status="PASS" starttime="20230920 20:08:59.132" endtime="20230920 20:09:03.572"/>
</kw>
<kw name="Preencher Formulário com CPF Incorreto" library="SignupPage">
<arg>12345678900a</arg>
<kw name="Input Text" library="SeleniumLibrary">
<arg>css=input[name="cpf"]</arg>
<arg>${CPFIncorreto}</arg>
<doc>Types the given ``text`` into the text field identified by ``locator``.</doc>
<msg timestamp="20230920 20:09:03.575" level="INFO">Typing text '12345678900a' into text field 'css=input[name="cpf"]'.</msg>
<status status="PASS" starttime="20230920 20:09:03.573" endtime="20230920 20:09:03.810"/>
</kw>
<kw name="Submeter Formulário" library="SignupPage">
<kw name="Click Button" library="SeleniumLibrary">
<arg>Cadastrar</arg>
<doc>Clicks the button identified by ``locator``.</doc>
<msg timestamp="20230920 20:09:03.812" level="INFO">Clicking button 'Cadastrar'.</msg>
<status status="PASS" starttime="20230920 20:09:03.810" endtime="20230920 20:09:03.935"/>
</kw>
<status status="PASS" starttime="20230920 20:09:03.810" endtime="20230920 20:09:03.935"/>
</kw>
<status status="PASS" starttime="20230920 20:09:03.573" endtime="20230920 20:09:03.935"/>
</kw>
<kw name="Deve Ver Mensagem de Alerta" library="SignupPage">
<arg>CPF inválido</arg>
<kw name="Wait Until Page Contains Element" library="SeleniumLibrary">
<arg>xpath=//span[@class="alert-error"][text()="${mensagem}"]</arg>
<doc>Waits until the element ``locator`` appears on the current page.</doc>
<status status="PASS" starttime="20230920 20:09:03.936" endtime="20230920 20:09:03.957"/>
</kw>
<kw name="Page Should Contain Element" library="SeleniumLibrary">
<arg>xpath=//span[@class="alert-error"][text()="${mensagem}"]</arg>
<doc>Verifies that element ``locator`` is found on the current page.</doc>
<msg timestamp="20230920 20:09:03.969" level="INFO">Current page contains element 'xpath=//span[@class="alert-error"][text()="CPF inválido"]'.</msg>
<status status="PASS" starttime="20230920 20:09:03.957" endtime="20230920 20:09:03.969"/>
</kw>
<kw name="Capture Element Screenshot" library="SeleniumLibrary">
<arg>xpath=//span[@class="alert-error"][text()="${mensagem}"]</arg>
<doc>Captures a screenshot from the element identified by ``locator`` and embeds it into log file.</doc>
<msg timestamp="20230920 20:09:04.198" level="INFO" html="true">&lt;/td&gt;&lt;/tr&gt;&lt;tr&gt;&lt;td colspan="3"&gt;&lt;a href="selenium-element-screenshot-123.png"&gt;&lt;img src="selenium-element-screenshot-123.png" width="400px"&gt;&lt;/a&gt;</msg>
<status status="PASS" starttime="20230920 20:09:03.969" endtime="20230920 20:09:04.198"/>
</kw>
<kw name="Capture Page Screenshot" library="SeleniumLibrary">
<arg>Campos_Obrigatorios.png</arg>
<doc>Takes a screenshot of the current page and embeds it into a log file.</doc>
<msg timestamp="20230920 20:09:04.333" level="INFO" html="true">&lt;/td&gt;&lt;/tr&gt;&lt;tr&gt;&lt;td colspan="3"&gt;&lt;a href="Campos_Obrigatorios.png"&gt;&lt;img src="Campos_Obrigatorios.png" width="800px"&gt;&lt;/a&gt;</msg>
<status status="PASS" starttime="20230920 20:09:04.199" endtime="20230920 20:09:04.333"/>
</kw>
<status status="PASS" starttime="20230920 20:09:03.936" endtime="20230920 20:09:04.333"/>
</kw>
<kw name="Fechar Browser" library="base" type="TEARDOWN">
<kw name="Capture Page Screenshot" library="SeleniumLibrary">
<doc>Takes a screenshot of the current page and embeds it into a log file.</doc>
<msg timestamp="20230920 20:09:04.446" level="INFO" html="true">&lt;/td&gt;&lt;/tr&gt;&lt;tr&gt;&lt;td colspan="3"&gt;&lt;a href="selenium-screenshot-66.png"&gt;&lt;img src="selenium-screenshot-66.png" width="800px"&gt;&lt;/a&gt;</msg>
<status status="PASS" starttime="20230920 20:09:04.334" endtime="20230920 20:09:04.446"/>
</kw>
<kw name="Close Browser" library="SeleniumLibrary">
<doc>Closes the current browser.</doc>
<status status="PASS" starttime="20230920 20:09:04.446" endtime="20230920 20:09:06.753"/>
</kw>
<status status="PASS" starttime="20230920 20:09:04.334" endtime="20230920 20:09:06.753"/>
</kw>
<doc>CPF incorreto deve gerar mensagem de alerta</doc>
<tag>cpf_inv</tag>
<status status="PASS" starttime="20230920 20:08:59.131" endtime="20230920 20:09:06.753"/>
</test>
<test id="s1-t3" name="Email Incorreto" line="23">
<kw name="Visitante Visita Página de Cadastro" library="base" type="SETUP">
<kw name="Open Browser" library="SeleniumLibrary">
<arg>${URL}</arg>
<arg>${BROWSER}</arg>
<doc>Opens a new browser instance to the optional ``url``.</doc>
<msg timestamp="20230920 20:09:06.757" level="INFO">Opening browser 'Chrome' to base url 'https://walkdog.vercel.app/signup'.</msg>
<status status="PASS" starttime="20230920 20:09:06.756" endtime="20230920 20:09:11.015"/>
</kw>
<kw name="Go To" library="SeleniumLibrary">
<arg>${URL}</arg>
<doc>Navigates the current browser window to the provided ``url``.</doc>
<msg timestamp="20230920 20:09:11.017" level="INFO">Opening url 'https://walkdog.vercel.app/signup'</msg>
<status status="PASS" starttime="20230920 20:09:11.017" endtime="20230920 20:09:11.183"/>
</kw>
<kw name="Set Window Size" library="SeleniumLibrary">
<arg>1920</arg>
<arg>1080</arg>
<doc>Sets current windows size to given ``width`` and ``height``.</doc>
<status status="PASS" starttime="20230920 20:09:11.183" endtime="20230920 20:09:11.310"/>
</kw>
<status status="PASS" starttime="20230920 20:09:06.756" endtime="20230920 20:09:11.310"/>
</kw>
<kw name="Preencher Formulário com Email Incorreto" library="SignupPage">
<arg>emailincorreto.com</arg>
<kw name="Input Text" library="SeleniumLibrary">
<arg>css=input[name="email"]</arg>
<arg>${EmailIncorreto}</arg>
<doc>Types the given ``text`` into the text field identified by ``locator``.</doc>
<msg timestamp="20230920 20:09:11.313" level="INFO">Typing text 'emailincorreto.com' into text field 'css=input[name="email"]'.</msg>
<status status="PASS" starttime="20230920 20:09:11.312" endtime="20230920 20:09:11.610"/>
</kw>
<kw name="Submeter Formulário" library="SignupPage">
<kw name="Click Button" library="SeleniumLibrary">
<arg>Cadastrar</arg>
<doc>Clicks the button identified by ``locator``.</doc>
<msg timestamp="20230920 20:09:11.612" level="INFO">Clicking button 'Cadastrar'.</msg>
<status status="PASS" starttime="20230920 20:09:11.610" endtime="20230920 20:09:11.756"/>
</kw>
<status status="PASS" starttime="20230920 20:09:11.610" endtime="20230920 20:09:11.757"/>
</kw>
<status status="PASS" starttime="20230920 20:09:11.310" endtime="20230920 20:09:11.757"/>
</kw>
<kw name="Deve Ver Mensagem de Alerta" library="SignupPage">
<arg>Informe um email válido</arg>
<kw name="Wait Until Page Contains Element" library="SeleniumLibrary">
<arg>xpath=//span[@class="alert-error"][text()="${mensagem}"]</arg>
<doc>Waits until the element ``locator`` appears on the current page.</doc>
<status status="PASS" starttime="20230920 20:09:11.758" endtime="20230920 20:09:11.793"/>
</kw>
<kw name="Page Should Contain Element" library="SeleniumLibrary">
<arg>xpath=//span[@class="alert-error"][text()="${mensagem}"]</arg>
<doc>Verifies that element ``locator`` is found on the current page.</doc>
<msg timestamp="20230920 20:09:11.812" level="INFO">Current page contains element 'xpath=//span[@class="alert-error"][text()="Informe um email válido"]'.</msg>
<status status="PASS" starttime="20230920 20:09:11.793" endtime="20230920 20:09:11.812"/>
</kw>
<kw name="Capture Element Screenshot" library="SeleniumLibrary">
<arg>xpath=//span[@class="alert-error"][text()="${mensagem}"]</arg>
<doc>Captures a screenshot from the element identified by ``locator`` and embeds it into log file.</doc>
<msg timestamp="20230920 20:09:11.962" level="INFO" html="true">&lt;/td&gt;&lt;/tr&gt;&lt;tr&gt;&lt;td colspan="3"&gt;&lt;a href="selenium-element-screenshot-124.png"&gt;&lt;img src="selenium-element-screenshot-124.png" width="400px"&gt;&lt;/a&gt;</msg>
<status status="PASS" starttime="20230920 20:09:11.813" endtime="20230920 20:09:11.962"/>
</kw>
<kw name="Capture Page Screenshot" library="SeleniumLibrary">
<arg>Campos_Obrigatorios.png</arg>
<doc>Takes a screenshot of the current page and embeds it into a log file.</doc>
<msg timestamp="20230920 20:09:12.120" level="INFO" html="true">&lt;/td&gt;&lt;/tr&gt;&lt;tr&gt;&lt;td colspan="3"&gt;&lt;a href="Campos_Obrigatorios.png"&gt;&lt;img src="Campos_Obrigatorios.png" width="800px"&gt;&lt;/a&gt;</msg>
<status status="PASS" starttime="20230920 20:09:11.963" endtime="20230920 20:09:12.121"/>
</kw>
<status status="PASS" starttime="20230920 20:09:11.757" endtime="20230920 20:09:12.121"/>
</kw>
<kw name="Fechar Browser" library="base" type="TEARDOWN">
<kw name="Capture Page Screenshot" library="SeleniumLibrary">
<doc>Takes a screenshot of the current page and embeds it into a log file.</doc>
<msg timestamp="20230920 20:09:12.282" level="INFO" html="true">&lt;/td&gt;&lt;/tr&gt;&lt;tr&gt;&lt;td colspan="3"&gt;&lt;a href="selenium-screenshot-67.png"&gt;&lt;img src="selenium-screenshot-67.png" width="800px"&gt;&lt;/a&gt;</msg>
<status status="PASS" starttime="20230920 20:09:12.121" endtime="20230920 20:09:12.283"/>
</kw>
<kw name="Close Browser" library="SeleniumLibrary">
<doc>Closes the current browser.</doc>
<status status="PASS" starttime="20230920 20:09:12.283" endtime="20230920 20:09:14.544"/>
</kw>
<status status="PASS" starttime="20230920 20:09:12.121" endtime="20230920 20:09:14.544"/>
</kw>
<doc>Email incorreto deve gerar mensagem de alerta</doc>
<tag>email_inv</tag>
<status status="PASS" starttime="20230920 20:09:06.755" endtime="20230920 20:09:14.544"/>
</test>
<test id="s1-t4" name="Campos Obrigatórios" line="30">
<kw name="Visitante Visita Página de Cadastro" library="base" type="SETUP">
<kw name="Open Browser" library="SeleniumLibrary">
<arg>${URL}</arg>
<arg>${BROWSER}</arg>
<doc>Opens a new browser instance to the optional ``url``.</doc>
<msg timestamp="20230920 20:09:14.547" level="INFO">Opening browser 'Chrome' to base url 'https://walkdog.vercel.app/signup'.</msg>
<status status="PASS" starttime="20230920 20:09:14.546" endtime="20230920 20:09:19.196"/>
</kw>
<kw name="Go To" library="SeleniumLibrary">
<arg>${URL}</arg>
<doc>Navigates the current browser window to the provided ``url``.</doc>
<msg timestamp="20230920 20:09:19.196" level="INFO">Opening url 'https://walkdog.vercel.app/signup'</msg>
<status status="PASS" starttime="20230920 20:09:19.196" endtime="20230920 20:09:19.414"/>
</kw>
<kw name="Set Window Size" library="SeleniumLibrary">
<arg>1920</arg>
<arg>1080</arg>
<doc>Sets current windows size to given ``width`` and ``height``.</doc>
<status status="PASS" starttime="20230920 20:09:19.415" endtime="20230920 20:09:19.540"/>
</kw>
<status status="PASS" starttime="20230920 20:09:14.546" endtime="20230920 20:09:19.540"/>
</kw>
<kw name="Submeter Formulário" library="SignupPage">
<kw name="Click Button" library="SeleniumLibrary">
<arg>Cadastrar</arg>
<doc>Clicks the button identified by ``locator``.</doc>
<msg timestamp="20230920 20:09:19.542" level="INFO">Clicking button 'Cadastrar'.</msg>
<status status="PASS" starttime="20230920 20:09:19.542" endtime="20230920 20:09:19.691"/>
</kw>
<status status="PASS" starttime="20230920 20:09:19.540" endtime="20230920 20:09:19.691"/>
</kw>
<kw name="Deve Ver Mensagens de Alerta de Campos Obrigatórios" library="SignupPage">
<kw name="Create List" library="BuiltIn">
<var>${campos_obrigatorios}</var>
<arg>Informe o seu nome completo</arg>
<arg>Informe o seu melhor email</arg>
<arg>Informe o seu CPF</arg>
<arg>Informe o seu CEP</arg>
<arg>Informe um número maior que zero</arg>
<arg>Adcione um documento com foto (RG ou CHN)</arg>
<doc>Returns a list containing given items.</doc>
<msg timestamp="20230920 20:09:19.693" level="INFO">${campos_obrigatorios} = ['Informe o seu nome completo', 'Informe o seu melhor email', 'Informe o seu CPF', 'Informe o seu CEP', 'Informe um número maior que zero', 'Adcione um documento com foto (RG ou CHN)']</msg>
<status status="PASS" starttime="20230920 20:09:19.692" endtime="20230920 20:09:19.693"/>
</kw>
<for flavor="IN">
<var>${campo}</var>
<value>@{campos_obrigatorios}</value>
<iter>
<var name="${campo}">Informe o seu nome completo</var>
<kw name="Deve Ver Mensagem de Alerta" library="SignupPage">
<arg>${campo}</arg>
<kw name="Wait Until Page Contains Element" library="SeleniumLibrary">
<arg>xpath=//span[@class="alert-error"][text()="${mensagem}"]</arg>
<doc>Waits until the element ``locator`` appears on the current page.</doc>
<status status="PASS" starttime="20230920 20:09:19.694" endtime="20230920 20:09:19.715"/>
</kw>
<kw name="Page Should Contain Element" library="SeleniumLibrary">
<arg>xpath=//span[@class="alert-error"][text()="${mensagem}"]</arg>
<doc>Verifies that element ``locator`` is found on the current page.</doc>
<msg timestamp="20230920 20:09:19.732" level="INFO">Current page contains element 'xpath=//span[@class="alert-error"][text()="Informe o seu nome completo"]'.</msg>
<status status="PASS" starttime="20230920 20:09:19.715" endtime="20230920 20:09:19.732"/>
</kw>
<kw name="Capture Element Screenshot" library="SeleniumLibrary">
<arg>xpath=//span[@class="alert-error"][text()="${mensagem}"]</arg>
<doc>Captures a screenshot from the element identified by ``locator`` and embeds it into log file.</doc>
<msg timestamp="20230920 20:09:19.880" level="INFO" html="true">&lt;/td&gt;&lt;/tr&gt;&lt;tr&gt;&lt;td colspan="3"&gt;&lt;a href="selenium-element-screenshot-125.png"&gt;&lt;img src="selenium-element-screenshot-125.png" width="400px"&gt;&lt;/a&gt;</msg>
<status status="PASS" starttime="20230920 20:09:19.732" endtime="20230920 20:09:19.880"/>
</kw>
<kw name="Capture Page Screenshot" library="SeleniumLibrary">
<arg>Campos_Obrigatorios.png</arg>
<doc>Takes a screenshot of the current page and embeds it into a log file.</doc>
<msg timestamp="20230920 20:09:20.019" level="INFO" html="true">&lt;/td&gt;&lt;/tr&gt;&lt;tr&gt;&lt;td colspan="3"&gt;&lt;a href="Campos_Obrigatorios.png"&gt;&lt;img src="Campos_Obrigatorios.png" width="800px"&gt;&lt;/a&gt;</msg>
<status status="PASS" starttime="20230920 20:09:19.880" endtime="20230920 20:09:20.019"/>
</kw>
<status status="PASS" starttime="20230920 20:09:19.693" endtime="20230920 20:09:20.019"/>
</kw>
<status status="PASS" starttime="20230920 20:09:19.693" endtime="20230920 20:09:20.019"/>
</iter>
<iter>
<var name="${campo}">Informe o seu melhor email</var>
<kw name="Deve Ver Mensagem de Alerta" library="SignupPage">
<arg>${campo}</arg>
<kw name="Wait Until Page Contains Element" library="SeleniumLibrary">
<arg>xpath=//span[@class="alert-error"][text()="${mensagem}"]</arg>
<doc>Waits until the element ``locator`` appears on the current page.</doc>
<status status="PASS" starttime="20230920 20:09:20.020" endtime="20230920 20:09:20.038"/>
</kw>
<kw name="Page Should Contain Element" library="SeleniumLibrary">
<arg>xpath=//span[@class="alert-error"][text()="${mensagem}"]</arg>
<doc>Verifies that element ``locator`` is found on the current page.</doc>
<msg timestamp="20230920 20:09:20.056" level="INFO">Current page contains element 'xpath=//span[@class="alert-error"][text()="Informe o seu melhor email"]'.</msg>
<status status="PASS" starttime="20230920 20:09:20.038" endtime="20230920 20:09:20.057"/>
</kw>
<kw name="Capture Element Screenshot" library="SeleniumLibrary">
<arg>xpath=//span[@class="alert-error"][text()="${mensagem}"]</arg>
<doc>Captures a screenshot from the element identified by ``locator`` and embeds it into log file.</doc>
<msg timestamp="20230920 20:09:20.196" level="INFO" html="true">&lt;/td&gt;&lt;/tr&gt;&lt;tr&gt;&lt;td colspan="3"&gt;&lt;a href="selenium-element-screenshot-126.png"&gt;&lt;img src="selenium-element-screenshot-126.png" width="400px"&gt;&lt;/a&gt;</msg>
<status status="PASS" starttime="20230920 20:09:20.057" endtime="20230920 20:09:20.196"/>
</kw>
<kw name="Capture Page Screenshot" library="SeleniumLibrary">
<arg>Campos_Obrigatorios.png</arg>
<doc>Takes a screenshot of the current page and embeds it into a log file.</doc>
<msg timestamp="20230920 20:09:20.333" level="INFO" html="true">&lt;/td&gt;&lt;/tr&gt;&lt;tr&gt;&lt;td colspan="3"&gt;&lt;a href="Campos_Obrigatorios.png"&gt;&lt;img src="Campos_Obrigatorios.png" width="800px"&gt;&lt;/a&gt;</msg>
<status status="PASS" starttime="20230920 20:09:20.197" endtime="20230920 20:09:20.334"/>
</kw>
<status status="PASS" starttime="20230920 20:09:20.020" endtime="20230920 20:09:20.334"/>
</kw>
<status status="PASS" starttime="20230920 20:09:20.020" endtime="20230920 20:09:20.334"/>
</iter>
<iter>
<var name="${campo}">Informe o seu CPF</var>
<kw name="Deve Ver Mensagem de Alerta" library="SignupPage">
<arg>${campo}</arg>
<kw name="Wait Until Page Contains Element" library="SeleniumLibrary">
<arg>xpath=//span[@class="alert-error"][text()="${mensagem}"]</arg>
<doc>Waits until the element ``locator`` appears on the current page.</doc>
<status status="PASS" starttime="20230920 20:09:20.335" endtime="20230920 20:09:20.354"/>
</kw>
<kw name="Page Should Contain Element" library="SeleniumLibrary">
<arg>xpath=//span[@class="alert-error"][text()="${mensagem}"]</arg>
<doc>Verifies that element ``locator`` is found on the current page.</doc>
<msg timestamp="20230920 20:09:20.365" level="INFO">Current page contains element 'xpath=//span[@class="alert-error"][text()="Informe o seu CPF"]'.</msg>
<status status="PASS" starttime="20230920 20:09:20.354" endtime="20230920 20:09:20.365"/>
</kw>
<kw name="Capture Element Screenshot" library="SeleniumLibrary">
<arg>xpath=//span[@class="alert-error"][text()="${mensagem}"]</arg>
<doc>Captures a screenshot from the element identified by ``locator`` and embeds it into log file.</doc>
<msg timestamp="20230920 20:09:20.480" level="INFO" html="true">&lt;/td&gt;&lt;/tr&gt;&lt;tr&gt;&lt;td colspan="3"&gt;&lt;a href="selenium-element-screenshot-127.png"&gt;&lt;img src="selenium-element-screenshot-127.png" width="400px"&gt;&lt;/a&gt;</msg>
<status status="PASS" starttime="20230920 20:09:20.365" endtime="20230920 20:09:20.480"/>
</kw>
<kw name="Capture Page Screenshot" library="SeleniumLibrary">
<arg>Campos_Obrigatorios.png</arg>
<doc>Takes a screenshot of the current page and embeds it into a log file.</doc>
<msg timestamp="20230920 20:09:20.606" level="INFO" html="true">&lt;/td&gt;&lt;/tr&gt;&lt;tr&gt;&lt;td colspan="3"&gt;&lt;a href="Campos_Obrigatorios.png"&gt;&lt;img src="Campos_Obrigatorios.png" width="800px"&gt;&lt;/a&gt;</msg>
<status status="PASS" starttime="20230920 20:09:20.480" endtime="20230920 20:09:20.606"/>
</kw>
<status status="PASS" starttime="20230920 20:09:20.334" endtime="20230920 20:09:20.606"/>
</kw>
<status status="PASS" starttime="20230920 20:09:20.334" endtime="20230920 20:09:20.606"/>
</iter>
<iter>
<var name="${campo}">Informe o seu CEP</var>
<kw name="Deve Ver Mensagem de Alerta" library="SignupPage">
<arg>${campo}</arg>
<kw name="Wait Until Page Contains Element" library="SeleniumLibrary">
<arg>xpath=//span[@class="alert-error"][text()="${mensagem}"]</arg>
<doc>Waits until the element ``locator`` appears on the current page.</doc>
<status status="PASS" starttime="20230920 20:09:20.607" endtime="20230920 20:09:20.624"/>
</kw>
<kw name="Page Should Contain Element" library="SeleniumLibrary">
<arg>xpath=//span[@class="alert-error"][text()="${mensagem}"]</arg>
<doc>Verifies that element ``locator`` is found on the current page.</doc>
<msg timestamp="20230920 20:09:20.635" level="INFO">Current page contains element 'xpath=//span[@class="alert-error"][text()="Informe o seu CEP"]'.</msg>
<status status="PASS" starttime="20230920 20:09:20.624" endtime="20230920 20:09:20.636"/>
</kw>
<kw name="Capture Element Screenshot" library="SeleniumLibrary">
<arg>xpath=//span[@class="alert-error"][text()="${mensagem}"]</arg>
<doc>Captures a screenshot from the element identified by ``locator`` and embeds it into log file.</doc>
<msg timestamp="20230920 20:09:20.747" level="INFO" html="true">&lt;/td&gt;&lt;/tr&gt;&lt;tr&gt;&lt;td colspan="3"&gt;&lt;a href="selenium-element-screenshot-128.png"&gt;&lt;img src="selenium-element-screenshot-128.png" width="400px"&gt;&lt;/a&gt;</msg>
<status status="PASS" starttime="20230920 20:09:20.636" endtime="20230920 20:09:20.747"/>
</kw>
<kw name="Capture Page Screenshot" library="SeleniumLibrary">
<arg>Campos_Obrigatorios.png</arg>
<doc>Takes a screenshot of the current page and embeds it into a log file.</doc>
<msg timestamp="20230920 20:09:20.881" level="INFO" html="true">&lt;/td&gt;&lt;/tr&gt;&lt;tr&gt;&lt;td colspan="3"&gt;&lt;a href="Campos_Obrigatorios.png"&gt;&lt;img src="Campos_Obrigatorios.png" width="800px"&gt;&lt;/a&gt;</msg>
<status status="PASS" starttime="20230920 20:09:20.747" endtime="20230920 20:09:20.881"/>
</kw>
<status status="PASS" starttime="20230920 20:09:20.606" endtime="20230920 20:09:20.881"/>
</kw>
<status status="PASS" starttime="20230920 20:09:20.606" endtime="20230920 20:09:20.881"/>
</iter>
<iter>
<var name="${campo}">Informe um número maior que zero</var>
<kw name="Deve Ver Mensagem de Alerta" library="SignupPage">
<arg>${campo}</arg>
<kw name="Wait Until Page Contains Element" library="SeleniumLibrary">
<arg>xpath=//span[@class="alert-error"][text()="${mensagem}"]</arg>
<doc>Waits until the element ``locator`` appears on the current page.</doc>
<status status="PASS" starttime="20230920 20:09:20.881" endtime="20230920 20:09:20.900"/>
</kw>
<kw name="Page Should Contain Element" library="SeleniumLibrary">
<arg>xpath=//span[@class="alert-error"][text()="${mensagem}"]</arg>
<doc>Verifies that element ``locator`` is found on the current page.</doc>
<msg timestamp="20230920 20:09:20.913" level="INFO">Current page contains element 'xpath=//span[@class="alert-error"][text()="Informe um número maior que zero"]'.</msg>
<status status="PASS" starttime="20230920 20:09:20.900" endtime="20230920 20:09:20.913"/>
</kw>
<kw name="Capture Element Screenshot" library="SeleniumLibrary">
<arg>xpath=//span[@class="alert-error"][text()="${mensagem}"]</arg>
<doc>Captures a screenshot from the element identified by ``locator`` and embeds it into log file.</doc>
<msg timestamp="20230920 20:09:21.030" level="INFO" html="true">&lt;/td&gt;&lt;/tr&gt;&lt;tr&gt;&lt;td colspan="3"&gt;&lt;a href="selenium-element-screenshot-129.png"&gt;&lt;img src="selenium-element-screenshot-129.png" width="400px"&gt;&lt;/a&gt;</msg>
<status status="PASS" starttime="20230920 20:09:20.913" endtime="20230920 20:09:21.030"/>
</kw>
<kw name="Capture Page Screenshot" library="SeleniumLibrary">
<arg>Campos_Obrigatorios.png</arg>
<doc>Takes a screenshot of the current page and embeds it into a log file.</doc>
<msg timestamp="20230920 20:09:21.182" level="INFO" html="true">&lt;/td&gt;&lt;/tr&gt;&lt;tr&gt;&lt;td colspan="3"&gt;&lt;a href="Campos_Obrigatorios.png"&gt;&lt;img src="Campos_Obrigatorios.png" width="800px"&gt;&lt;/a&gt;</msg>
<status status="PASS" starttime="20230920 20:09:21.030" endtime="20230920 20:09:21.182"/>
</kw>
<status status="PASS" starttime="20230920 20:09:20.881" endtime="20230920 20:09:21.182"/>
</kw>
<status status="PASS" starttime="20230920 20:09:20.881" endtime="20230920 20:09:21.182"/>
</iter>
<iter>
<var name="${campo}">Adcione um documento com foto (RG ou CHN)</var>
<kw name="Deve Ver Mensagem de Alerta" library="SignupPage">
<arg>${campo}</arg>
<kw name="Wait Until Page Contains Element" library="SeleniumLibrary">
<arg>xpath=//span[@class="alert-error"][text()="${mensagem}"]</arg>
<doc>Waits until the element ``locator`` appears on the current page.</doc>
<status status="PASS" starttime="20230920 20:09:21.182" endtime="20230920 20:09:21.198"/>
</kw>
<kw name="Page Should Contain Element" library="SeleniumLibrary">
<arg>xpath=//span[@class="alert-error"][text()="${mensagem}"]</arg>
<doc>Verifies that element ``locator`` is found on the current page.</doc>
<msg timestamp="20230920 20:09:21.209" level="INFO">Current page contains element 'xpath=//span[@class="alert-error"][text()="Adcione um documento com foto (RG ou CHN)"]'.</msg>
<status status="PASS" starttime="20230920 20:09:21.198" endtime="20230920 20:09:21.209"/>
</kw>
<kw name="Capture Element Screenshot" library="SeleniumLibrary">
<arg>xpath=//span[@class="alert-error"][text()="${mensagem}"]</arg>
<doc>Captures a screenshot from the element identified by ``locator`` and embeds it into log file.</doc>
<msg timestamp="20230920 20:09:21.316" level="INFO" html="true">&lt;/td&gt;&lt;/tr&gt;&lt;tr&gt;&lt;td colspan="3"&gt;&lt;a href="selenium-element-screenshot-130.png"&gt;&lt;img src="selenium-element-screenshot-130.png" width="400px"&gt;&lt;/a&gt;</msg>
<status status="PASS" starttime="20230920 20:09:21.209" endtime="20230920 20:09:21.316"/>
</kw>
<kw name="Capture Page Screenshot" library="SeleniumLibrary">
<arg>Campos_Obrigatorios.png</arg>
<doc>Takes a screenshot of the current page and embeds it into a log file.</doc>
<msg timestamp="20230920 20:09:21.513" level="INFO" html="true">&lt;/td&gt;&lt;/tr&gt;&lt;tr&gt;&lt;td colspan="3"&gt;&lt;a href="Campos_Obrigatorios.png"&gt;&lt;img src="Campos_Obrigatorios.png" width="800px"&gt;&lt;/a&gt;</msg>
<status status="PASS" starttime="20230920 20:09:21.316" endtime="20230920 20:09:21.513"/>
</kw>
<status status="PASS" starttime="20230920 20:09:21.182" endtime="20230920 20:09:21.513"/>
</kw>
<status status="PASS" starttime="20230920 20:09:21.182" endtime="20230920 20:09:21.513"/>
</iter>
<status status="PASS" starttime="20230920 20:09:19.693" endtime="20230920 20:09:21.513"/>
</for>
<status status="PASS" starttime="20230920 20:09:19.692" endtime="20230920 20:09:21.513"/>
</kw>
<kw name="Fechar Browser" library="base" type="TEARDOWN">
<kw name="Capture Page Screenshot" library="SeleniumLibrary">
<doc>Takes a screenshot of the current page and embeds it into a log file.</doc>
<msg timestamp="20230920 20:09:21.641" level="INFO" html="true">&lt;/td&gt;&lt;/tr&gt;&lt;tr&gt;&lt;td colspan="3"&gt;&lt;a href="selenium-screenshot-68.png"&gt;&lt;img src="selenium-screenshot-68.png" width="800px"&gt;&lt;/a&gt;</msg>
<status status="PASS" starttime="20230920 20:09:21.514" endtime="20230920 20:09:21.641"/>
</kw>
<kw name="Close Browser" library="SeleniumLibrary">
<doc>Closes the current browser.</doc>
<status status="PASS" starttime="20230920 20:09:21.641" endtime="20230920 20:09:23.929"/>
</kw>
<status status="PASS" starttime="20230920 20:09:21.514" endtime="20230920 20:09:23.929"/>
</kw>
<doc>Campos obrigatórios em branco devem gerar mensagens de alerta</doc>
<tag>campos_obrigatorios</tag>
<status status="PASS" starttime="20230920 20:09:14.546" endtime="20230920 20:09:23.929"/>
</test>
<status status="PASS" starttime="20230920 20:08:47.906" endtime="20230920 20:09:23.932"/>
</suite>
<statistics>
<total>
<stat pass="4" fail="0" skip="0">All Tests</stat>
</total>
<tag>
<stat pass="1" fail="0" skip="0">campos_obrigatorios</stat>
<stat pass="1" fail="0" skip="0">cpf_inv</stat>
<stat pass="1" fail="0" skip="0">email_inv</stat>
<stat pass="1" fail="0" skip="0">happy_path</stat>
</tag>
<suite>
<stat pass="4" fail="0" skip="0" id="s1" name="Cadastro">Cadastro</stat>
</suite>
</statistics>
<errors>
</errors>
</robot>
